2025-12-13 15:25:01 | Query: 'тесто' -> Result: 'ТЕСТО' (score: 1.000)
2025-12-13 15:25:01 | Query: 'БЕКОН' -> Result: 'БЕКОН' (score: 1.000)
2025-12-13 15:25:01 | Query: 'Капуста' -> Result: 'Капуста' (score: 1.000)
2025-12-13 15:25:01 | Query: 'тесо' -> Result: 'ТЕСТО' (score: 0.636)
2025-12-13 15:25:01 | Query: 'крутны' -> Result: 'КРУТОНЫ' (score: 0.669)
2025-12-13 15:25:01 | Query: 'помдор' -> Result: 'ПОМИДОР' (score: 0.669)
2025-12-13 15:25:01 | Query: 'крУтонЫ' -> Result: 'КРУТОНЫ' (score: 1.000)
2025-12-13 15:25:01 | Query: 'помидор' -> Result: 'ПОМИДОР' (score: 1.000)
2025-12-13 15:51:26 | Query: 'НАГЕТСЫ' -> Result: 'НАГЕТСЫ' (score: 1.000)
2025-12-13 16:10:11 | Query: 'хот' -> Result: 'СОУС ХОТ П/Ф' (score: 0.932)
2025-12-13 16:10:11 | Query: 'кол хот' -> Result: 'КОЛБАСКИ ОХОТНИЧЬИ' (score: 1.000)
2025-12-13 16:10:11 | Query: 'колбаски хот' -> Result: 'КОЛБАСКИ ОХОТНИЧЬИ' (score: 1.000)
2025-12-13 16:10:11 | Query: 'соус хот' -> Result: 'СОУС ХОТ П/Ф' (score: 0.953)
2025-12-13 16:10:11 | Query: 'соус охот' -> Result: 'СОУС ХОТ П/Ф' (score: 0.592)
2025-12-13 16:10:11 | Query: 'охотничьи' -> Result: 'КОЛБАСКИ ОХОТНИЧЬИ' (score: 1.000)
2025-12-13 16:10:11 | Query: 'колбаски охотничьи' -> Result: 'КОЛБАСКИ ОХОТНИЧЬИ' (score: 1.000)
2025-12-13 16:10:29 | Query: 'хот' -> Result: 'КОЛБАСКИ ОХОТНИЧЬИ' (score: 1.000)
2025-12-13 16:10:29 | Query: 'кол хот' -> Result: 'КОЛБАСКИ ОХОТНИЧЬИ' (score: 1.000)
2025-12-13 16:10:29 | Query: 'колбаски хот' -> Result: 'КОЛБАСКИ ОХОТНИЧЬИ' (score: 1.000)
2025-12-13 16:10:29 | Query: 'соус хот' -> Result: 'СОУС ХОТ П/Ф' (score: 0.953)
2025-12-13 16:10:29 | Query: 'охотничьи' -> Result: 'КОЛБАСКИ ОХОТНИЧЬИ' (score: 1.000)
2025-12-13 16:10:29 | Query: 'колбаски охотничьи' -> Result: 'КОЛБАСКИ ОХОТНИЧЬИ' (score: 1.000)
2025-12-13 16:19:20 | Query: 'КОЛБАСКИ ОХОТНИЧЬИ' -> Result: 'КОЛБАСКИ ОХОТНИЧЬИ' (score: 1.000)
2025-12-13 16:19:20 | Query: 'хот' -> Result: 'КОЛБАСКИ ОХОТНИЧЬИ' (score: 1.000)
2025-12-13 16:19:20 | Query: 'колбаски хот' -> Result: 'КОЛБАСКИ ОХОТНИЧЬИ' (score: 1.000)
2025-12-13 16:19:20 | Query: 'охотничьи' -> Result: 'КОЛБАСКИ ОХОТНИЧЬИ' (score: 1.000)
2025-12-13 16:19:21 | Query: 'КОЛБАСКИ ОХОТНИЧЬИ' -> Result: 'КОЛБАСКИ ОХОТНИЧЬИ' (score: 1.000)
2025-12-13 16:21:43 | Query: 'КОЛБАСКИ ОХОТНИЧЬИ' -> Result: 'КОЛБАСКИ ОХОТНИЧЬИ' (score: 1.000)
